\BOOKMARK [0][-]{chapter.1}{Middager}{}% 1
\BOOKMARK [1][-]{section.1.1}{Ern\346ringskorrekt br\370d}{chapter.1}% 2
\BOOKMARK [1][-]{section.1.2}{Sm\370rdampet brokkoli}{chapter.1}% 3
\BOOKMARK [1][-]{section.1.3}{Brun saus}{chapter.1}% 4
\BOOKMARK [2][-]{subsection.1.3.1}{Brun saus ala Pappa}{section.1.3}% 5
\BOOKMARK [2][-]{subsection.1.3.2}{Brun saus fra Enkel Kokebok}{section.1.3}% 6
\BOOKMARK [1][-]{section.1.4}{Club Sandwich}{chapter.1}% 7
\BOOKMARK [1][-]{section.1.5}{Egger\370re}{chapter.1}% 8
\BOOKMARK [1][-]{section.1.6}{Fiskepinner}{chapter.1}% 9
\BOOKMARK [1][-]{section.1.7}{Fl\370tegratinerte poteter}{chapter.1}% 10
\BOOKMARK [1][-]{section.1.8}{Gravet hjortekj\370tt}{chapter.1}% 11
\BOOKMARK [1][-]{section.1.9}{Guacamole}{chapter.1}% 12
\BOOKMARK [1][-]{section.1.10}{Hamburgerbr\370d}{chapter.1}% 13
\BOOKMARK [1][-]{section.1.11}{Hamburgerdeig}{chapter.1}% 14
\BOOKMARK [2][-]{subsection.1.11.1}{Ala pappa}{section.1.11}% 15
\BOOKMARK [2][-]{subsection.1.11.2}{Vibeckeifisert utgave}{section.1.11}% 16
\BOOKMARK [1][-]{section.1.12}{Horn}{chapter.1}% 17
\BOOKMARK [1][-]{section.1.13}{Indrefilet med sopp og gorgonzola}{chapter.1}% 18
\BOOKMARK [1][-]{section.1.14}{Kj\370ttkaker}{chapter.1}% 19
\BOOKMARK [1][-]{section.1.15}{Knekkebr\370d}{chapter.1}% 20
\BOOKMARK [1][-]{section.1.16}{Koteletter i ovnen ala Nordvik}{chapter.1}% 21
\BOOKMARK [1][-]{section.1.17}{Kyllingfilet med krydder og ost}{chapter.1}% 22
\BOOKMARK [1][-]{section.1.18}{Kyllinggrillspyd}{chapter.1}% 23
\BOOKMARK [1][-]{section.1.19}{Lapskaus}{chapter.1}% 24
\BOOKMARK [1][-]{section.1.20}{Lasagne}{chapter.1}% 25
\BOOKMARK [1][-]{section.1.21}{M\374sli}{chapter.1}% 26
\BOOKMARK [1][-]{section.1.22}{Oppskriftsmal}{chapter.1}% 27
\BOOKMARK [1][-]{section.1.23}{Panert torsk}{chapter.1}% 28
\BOOKMARK [1][-]{section.1.24}{Pasta al forno ala Filomena}{chapter.1}% 29
\BOOKMARK [1][-]{section.1.25}{Pasta pommedorini}{chapter.1}% 30
\BOOKMARK [1][-]{section.1.26}{Pastasalat}{chapter.1}% 31
\BOOKMARK [1][-]{section.1.27}{Pasta}{chapter.1}% 32
\BOOKMARK [1][-]{section.1.28}{Pepperbiff med peppersaus}{chapter.1}% 33
\BOOKMARK [1][-]{section.1.29}{Peppersaus}{chapter.1}% 34
\BOOKMARK [1][-]{section.1.30}{Pesto med basilikum og parmesan}{chapter.1}% 35
\BOOKMARK [1][-]{section.1.31}{Pinnekj\370tt}{chapter.1}% 36
\BOOKMARK [1][-]{section.1.32}{Pizzadeig}{chapter.1}% 37
\BOOKMARK [2][-]{subsection.1.32.1}{Napoletana fra Vinmonopolet}{section.1.32}% 38
\BOOKMARK [2][-]{subsection.1.32.2}{Regal hvetemels variant}{section.1.32}% 39
\BOOKMARK [2][-]{subsection.1.32.3}{Low FODMAP-variant}{section.1.32}% 40
\BOOKMARK [1][-]{section.1.33}{Pizza Margarita Spechiale}{chapter.1}% 41
\BOOKMARK [1][-]{section.1.34}{Pizza Miss Italia}{chapter.1}% 42
\BOOKMARK [1][-]{section.1.35}{Pappa sin potetstappe}{chapter.1}% 43
\BOOKMARK [1][-]{section.1.36}{R\345kost}{chapter.1}% 44
\BOOKMARK [1][-]{section.1.37}{Ris}{chapter.1}% 45
\BOOKMARK [1][-]{section.1.38}{Speltrundstykker}{chapter.1}% 46
\BOOKMARK [1][-]{section.1.39}{Semulegrynsgr\370t}{chapter.1}% 47
\BOOKMARK [1][-]{section.1.40}{Steikt kj\370ttp\370lse}{chapter.1}% 48
\BOOKMARK [1][-]{section.1.41}{Tacokj\370ttboller}{chapter.1}% 49
\BOOKMARK [1][-]{section.1.42}{Tacokrydder}{chapter.1}% 50
\BOOKMARK [2][-]{subsection.1.42.1}{Denne vi bruker}{section.1.42}% 51
\BOOKMARK [2][-]{subsection.1.42.2}{Variant}{section.1.42}% 52
\BOOKMARK [1][-]{section.1.43}{Chicken tikka masala}{chapter.1}% 53
\BOOKMARK [1][-]{section.1.44}{Tomatsaus}{chapter.1}% 54
\BOOKMARK [1][-]{section.1.45}{Tortillalefser}{chapter.1}% 55
\BOOKMARK [1][-]{section.1.46}{Thai V\345rruller ala Dang}{chapter.1}% 56
\BOOKMARK [1][-]{section.1.47}{Viltp\370lse med potetstappe}{chapter.1}% 57
\BOOKMARK [0][-]{chapter.2}{Kaker og deserter}{}% 58
\BOOKMARK [1][-]{section.2.1}{Bl\370tekake}{chapter.2}% 59
\BOOKMARK [1][-]{section.2.2}{Kakemenn}{chapter.2}% 60
\BOOKMARK [2][-]{subsection.2.2.1}{Kakemenn fra Nese}{section.2.2}% 61
\BOOKMARK [2][-]{subsection.2.2.2}{Kakemenn ala Tine \(med framgangsm\345te\)}{section.2.2}% 62
\BOOKMARK [1][-]{section.2.3}{Lussekatter}{chapter.2}% 63
\BOOKMARK [2][-]{subsection.2.3.1}{Norsk}{section.2.3}% 64
\BOOKMARK [2][-]{subsection.2.3.2}{Fran\347ais}{section.2.3}% 65
\BOOKMARK [1][-]{section.2.4}{Ostekake}{chapter.2}% 66
\BOOKMARK [1][-]{section.2.5}{Panna cotta}{chapter.2}% 67
\BOOKMARK [1][-]{section.2.6}{Pepperkaker}{chapter.2}% 68
\BOOKMARK [1][-]{section.2.7}{Sjokoladekjeks}{chapter.2}% 69
\BOOKMARK [1][-]{section.2.8}{H\345kons sukkerbr\370d }{chapter.2}% 70
\BOOKMARK [1][-]{section.2.9}{Tyskeskjeva}{chapter.2}% 71
\BOOKMARK [0][-]{chapter.3}{Brygg}{}% 72
\BOOKMARK [1][-]{section.3.1}{Ingef\346r\370l}{chapter.3}% 73
