This is pdfTeX, Version 3.14159265-2.6-1.40.17 (TeX Live 2016) (preloaded format=pdflatex 2016.11.9)  20 NOV 2016 23:30
entering extended mode
 restricted \write18 enabled.
 %&-line parsing enabled.
**kokebok.tex
(./kokebok.tex
LaTeX2e <2016/03/31> patch level 3
Babel <3.9r> and hyphenation patterns for 83 language(s) loaded.
(/usr/local/texlive/2016/texmf-dist/tex/latex/base/report.cls
Document Class: report 2014/09/29 v1.4h Standard LaTeX document class
(/usr/local/texlive/2016/texmf-dist/tex/latex/base/size12.clo
File: size12.clo 2014/09/29 v1.4h Standard LaTeX file (size option)
)
\c@part=\count79
\c@chapter=\count80
\c@section=\count81
\c@subsection=\count82
\c@subsubsection=\count83
\c@paragraph=\count84
\c@subparagraph=\count85
\c@figure=\count86
\c@table=\count87
\abovecaptionskip=\skip41
\belowcaptionskip=\skip42
\bibindent=\dimen102
)
(/usr/local/texlive/2016/texmf-dist/tex/generic/babel/babel.sty
Package: babel 2016/04/23 3.9r The Babel package

(/usr/local/texlive/2016/texmf-dist/tex/generic/babel-norsk/norsk.ldf
Language: norsk 2012/08/06 v2.0i Norsk support from the babel system

(/usr/local/texlive/2016/texmf-dist/tex/generic/babel/babel.def
File: babel.def 2016/04/23 3.9r Babel common definitions
\babel@savecnt=\count88
\U@D=\dimen103
)
Package babel Info: Making " an active character on input line 113.
))
(/usr/local/texlive/2016/texmf-dist/tex/latex/base/inputenc.sty
Package: inputenc 2015/03/17 v1.2c Input encoding file
\inpenc@prehook=\toks14
\inpenc@posthook=\toks15

(/usr/local/texlive/2016/texmf-dist/tex/latex/ucs/utf8x.def
File: utf8x.def 2004/10/17 UCS: Input encoding UTF-8
))
(/usr/local/texlive/2016/texmf-dist/tex/latex/ucs/ucs.sty
Package: ucs 2013/05/11 v2.2 UCS: Unicode input support

(/usr/local/texlive/2016/texmf-dist/tex/latex/ucs/data/uni-global.def
File: uni-global.def 2013/05/13 UCS: Unicode global data
)
\uc@secondtry=\count89
\uc@combtoks=\toks16
\uc@combtoksb=\toks17
\uc@temptokena=\toks18
)
(/usr/local/texlive/2016/texmf-dist/tex/latex/base/fontenc.sty
Package: fontenc 2016/06/19 v1.99m Standard LaTeX package

(/usr/local/texlive/2016/texmf-dist/tex/latex/base/t1enc.def
File: t1enc.def 2016/06/19 v1.99m Standard LaTeX file
LaTeX Font Info:    Redeclaring font encoding T1 on input line 48.
))
(/usr/local/texlive/2016/texmf-dist/tex/latex/graphics/graphicx.sty
Package: graphicx 2014/10/28 v1.0g Enhanced LaTeX Graphics (DPC,SPQR)

(/usr/local/texlive/2016/texmf-dist/tex/latex/graphics/keyval.sty
Package: keyval 2014/10/28 v1.15 key=value parser (DPC)
\KV@toks@=\toks19
)
(/usr/local/texlive/2016/texmf-dist/tex/latex/graphics/graphics.sty
Package: graphics 2016/07/10 v1.0t Standard LaTeX Graphics (DPC,SPQR)

(/usr/local/texlive/2016/texmf-dist/tex/latex/graphics/trig.sty
Package: trig 2016/01/03 v1.10 sin cos tan (DPC)
)
(/usr/local/texlive/2016/texmf-dist/tex/latex/graphics-cfg/graphics.cfg
File: graphics.cfg 2016/06/04 v1.11 sample graphics configuration
)
Package graphics Info: Driver file: pdftex.def on input line 99.

(/usr/local/texlive/2016/texmf-dist/tex/latex/graphics-def/pdftex.def
File: pdftex.def 2016/07/10 v0.06j Graphics/color for pdfTeX

(/usr/local/texlive/2016/texmf-dist/tex/generic/oberdiek/infwarerr.sty
Package: infwarerr 2016/05/16 v1.4 Providing info/warning/error messages (HO)
)
(/usr/local/texlive/2016/texmf-dist/tex/generic/oberdiek/ltxcmds.sty
Package: ltxcmds 2016/05/16 v1.23 LaTeX kernel commands for general use (HO)
)
\Gread@gobject=\count90
))
\Gin@req@height=\dimen104
\Gin@req@width=\dimen105
)
(/usr/local/texlive/2016/texmf-dist/tex/latex/booktabs/booktabs.sty
Package: booktabs 2016/04/27 v1.618033 publication quality tables
\heavyrulewidth=\dimen106
\lightrulewidth=\dimen107
\cmidrulewidth=\dimen108
\belowrulesep=\dimen109
\belowbottomsep=\dimen110
\aboverulesep=\dimen111
\abovetopsep=\dimen112
\cmidrulesep=\dimen113
\cmidrulekern=\dimen114
\defaultaddspace=\dimen115
\@cmidla=\count91
\@cmidlb=\count92
\@aboverulesep=\dimen116
\@belowrulesep=\dimen117
\@thisruleclass=\count93
\@lastruleclass=\count94
\@thisrulewidth=\dimen118
)
(/usr/local/texlive/2016/texmf-dist/tex/latex/enumitem/enumitem.sty
Package: enumitem 2011/09/28 v3.5.2 Customized lists
\labelindent=\skip43
\enit@outerparindent=\dimen119
\enit@toks=\toks20
\enit@inbox=\box26
\enitdp@description=\count95
)
(/usr/local/texlive/2016/texmf-dist/tex/latex/hyperref/hyperref.sty
Package: hyperref 2016/06/24 v6.83q Hypertext links for LaTeX

(/usr/local/texlive/2016/texmf-dist/tex/generic/oberdiek/hobsub-hyperref.sty
Package: hobsub-hyperref 2016/05/16 v1.14 Bundle oberdiek, subset hyperref (HO)


(/usr/local/texlive/2016/texmf-dist/tex/generic/oberdiek/hobsub-generic.sty
Package: hobsub-generic 2016/05/16 v1.14 Bundle oberdiek, subset generic (HO)
Package: hobsub 2016/05/16 v1.14 Construct package bundles (HO)
Package hobsub Info: Skipping package `infwarerr' (already loaded).
Package hobsub Info: Skipping package `ltxcmds' (already loaded).
Package: ifluatex 2016/05/16 v1.4 Provides the ifluatex switch (HO)
Package ifluatex Info: LuaTeX not detected.
Package: ifvtex 2016/05/16 v1.6 Detect VTeX and its facilities (HO)
Package ifvtex Info: VTeX not detected.
Package: intcalc 2016/05/16 v1.2 Expandable calculations with integers (HO)
Package: ifpdf 2016/05/14 v3.1 Provides the ifpdf switch
Package: etexcmds 2016/05/16 v1.6 Avoid name clashes with e-TeX commands (HO)
Package etexcmds Info: Could not find \expanded.
(etexcmds)             That can mean that you are not using pdfTeX 1.50 or
(etexcmds)             that some package has redefined \expanded.
(etexcmds)             In the latter case, load this package earlier.
Package: kvsetkeys 2016/05/16 v1.17 Key value parser (HO)
Package: kvdefinekeys 2016/05/16 v1.4 Define keys (HO)
Package: pdftexcmds 2016/05/21 v0.22 Utility functions of pdfTeX for LuaTeX (HO
)
Package pdftexcmds Info: LuaTeX not detected.
Package pdftexcmds Info: \pdf@primitive is available.
Package pdftexcmds Info: \pdf@ifprimitive is available.
Package pdftexcmds Info: \pdfdraftmode found.
Package: pdfescape 2016/05/16 v1.14 Implements pdfTeX's escape features (HO)
Package: bigintcalc 2016/05/16 v1.4 Expandable calculations on big integers (HO
)
Package: bitset 2016/05/16 v1.2 Handle bit-vector datatype (HO)
Package: uniquecounter 2016/05/16 v1.3 Provide unlimited unique counter (HO)
)
Package hobsub Info: Skipping package `hobsub' (already loaded).
Package: letltxmacro 2016/05/16 v1.5 Let assignment for LaTeX macros (HO)
Package: hopatch 2016/05/16 v1.3 Wrapper for package hooks (HO)
Package: xcolor-patch 2016/05/16 xcolor patch
Package: atveryend 2016/05/16 v1.9 Hooks at the very end of document (HO)
Package atveryend Info: \enddocument detected (standard20110627).
Package: atbegshi 2016/06/09 v1.18 At begin shipout hook (HO)
Package: refcount 2016/05/16 v3.5 Data extraction from label references (HO)
Package: hycolor 2016/05/16 v1.8 Color options for hyperref/bookmark (HO)
)
(/usr/local/texlive/2016/texmf-dist/tex/generic/ifxetex/ifxetex.sty
Package: ifxetex 2010/09/12 v0.6 Provides ifxetex conditional
)
(/usr/local/texlive/2016/texmf-dist/tex/latex/oberdiek/auxhook.sty
Package: auxhook 2016/05/16 v1.4 Hooks for auxiliary files (HO)
)
(/usr/local/texlive/2016/texmf-dist/tex/latex/oberdiek/kvoptions.sty
Package: kvoptions 2016/05/16 v3.12 Key value format for package options (HO)
)
\@linkdim=\dimen120
\Hy@linkcounter=\count96
\Hy@pagecounter=\count97

(/usr/local/texlive/2016/texmf-dist/tex/latex/hyperref/pd1enc.def
File: pd1enc.def 2016/06/24 v6.83q Hyperref: PDFDocEncoding definition (HO)
)
\Hy@SavedSpaceFactor=\count98

(/usr/local/texlive/2016/texmf-dist/tex/latex/latexconfig/hyperref.cfg
File: hyperref.cfg 2002/06/06 v1.2 hyperref configuration of TeXLive
)
Package hyperref Info: Hyper figures OFF on input line 4486.
Package hyperref Info: Link nesting OFF on input line 4491.
Package hyperref Info: Hyper index ON on input line 4494.
Package hyperref Info: Plain pages OFF on input line 4501.
Package hyperref Info: Backreferencing ON on input line 4504.
Package hyperref Info: Implicit mode ON; LaTeX internals redefined.
Package hyperref Info: Bookmarks ON on input line 4735.

(/usr/local/texlive/2016/texmf-dist/tex/latex/hyperref/backref.sty
Package: backref 2016/05/21 v1.39 Bibliographical back referencing

(/usr/local/texlive/2016/texmf-dist/tex/latex/oberdiek/rerunfilecheck.sty
Package: rerunfilecheck 2016/05/16 v1.8 Rerun checks for auxiliary files (HO)
Package uniquecounter Info: New unique counter `rerunfilecheck' on input line 2
82.
))
\c@Hy@tempcnt=\count99

(/usr/local/texlive/2016/texmf-dist/tex/latex/url/url.sty
\Urlmuskip=\muskip10
Package: url 2013/09/16  ver 3.4  Verb mode for urls, etc.
)
LaTeX Info: Redefining \url on input line 5088.
\XeTeXLinkMargin=\dimen121
\Fld@menulength=\count100
\Field@Width=\dimen122
\Fld@charsize=\dimen123
Package hyperref Info: Hyper figures OFF on input line 6342.
Package hyperref Info: Link nesting OFF on input line 6347.
Package hyperref Info: Hyper index ON on input line 6350.
Package hyperref Info: backreferencing ON on input line 6355.
Package hyperref Info: Link coloring OFF on input line 6362.
Package hyperref Info: Link coloring with OCG OFF on input line 6367.
Package hyperref Info: PDF/A mode OFF on input line 6372.
LaTeX Info: Redefining \ref on input line 6412.
LaTeX Info: Redefining \pageref on input line 6416.
\Hy@abspage=\count101
\c@Item=\count102
\c@Hfootnote=\count103
)

Package hyperref Message: Driver: hpdftex.

(/usr/local/texlive/2016/texmf-dist/tex/latex/hyperref/hpdftex.def
File: hpdftex.def 2016/06/24 v6.83q Hyperref driver for pdfTeX
\Fld@listcount=\count104
\c@bookmark@seq@number=\count105
\Hy@SectionHShift=\skip44
)
(/usr/local/texlive/2016/texmf-dist/tex/latex/was/gensymb.sty
Package: gensymb 2003/07/02 v1.0 (WaS)
)
Package hyperref Info: Option `colorlinks' set `true' on input line 27.
Package hyperref Info: Option `colorlinks' set `true' on input line 27.
 (./kokebok.aux
(./oppskrifter/brod.aux) (./oppskrifter/brokkoli.aux)
(./oppskrifter/brunsaus.aux) (./oppskrifter/clubsandwich.aux)
(./oppskrifter/eggerore.aux) (./oppskrifter/fiskepinner.aux)
(./oppskrifter/flotegratinertepoteter.aux) (./oppskrifter/gravetkjott.aux)
(./oppskrifter/guacamole.aux) (./oppskrifter/hamburgerbrod.aux)
(./oppskrifter/hamburgerdeig.aux) (./oppskrifter/horn.aux)
(./oppskrifter/indefiletsoppgorgonzola.aux) (./oppskrifter/kjottkaker.aux)
(./oppskrifter/knekkebrod.aux) (./oppskrifter/koteletteriovnen.aux)
(./oppskrifter/kyllingfiletmedbacon.aux) (./oppskrifter/kyllinggrillspyd.aux)
(./oppskrifter/lapskaus.aux) (./oppskrifter/lasagne.aux)
(./oppskrifter/musli.aux) (./oppskrifter/oppskriftsmal.aux)
(./oppskrifter/panerttorsk.aux) (./oppskrifter/pastaalforno.aux)
(./oppskrifter/pastapommedorini.aux) (./oppskrifter/pastasalat.aux)
(./oppskrifter/pasta.aux) (./oppskrifter/pepperbiff.aux)
(./oppskrifter/peppersaus.aux) (./oppskrifter/pesto.aux)
(./oppskrifter/pinnekjott.aux) (./oppskrifter/pizzadeig.aux)
(./oppskrifter/pizzamargarita.aux) (./oppskrifter/pizzamissitalia.aux)
(./oppskrifter/potetstappe.aux) (./oppskrifter/rakost.aux)
(./oppskrifter/ris.aux) (./oppskrifter/rundstykker.aux)
(./oppskrifter/semulegryn.aux) (./oppskrifter/stektkjottpolse.aux)
(./oppskrifter/tacoboller.aux) (./oppskrifter/tacokrydder.aux)
(./oppskrifter/tikkaMasala.aux) (./oppskrifter/tomatsaus.aux)
(./oppskrifter/tortillalefser.aux) (./oppskrifter/varrull.aux)
(./oppskrifter/viltpolse.aux) (./oppskrifter/desert/blotekake.aux)
(./oppskrifter/desert/kakemenn.aux) (./oppskrifter/desert/lussekatter.aux)
(./oppskrifter/desert/ostekake.aux) (./oppskrifter/desert/pannacotta.aux)
(./oppskrifter/desert/pepperkaker.aux) (./oppskrifter/desert/sjokoladekjeks.aux
) (./oppskrifter/desert/sukkerbrod.aux) (./oppskrifter/desert/tyskeskjeva.aux)
(./oppskrifter/brygg/ingeferol.aux))
\openout1 = `kokebok.aux'.

LaTeX Font Info:    Checking defaults for OML/cmm/m/it on input line 34.
LaTeX Font Info:    ... okay on input line 34.
LaTeX Font Info:    Checking defaults for T1/cmr/m/n on input line 34.
LaTeX Font Info:    ... okay on input line 34.
LaTeX Font Info:    Checking defaults for OT1/cmr/m/n on input line 34.
LaTeX Font Info:    ... okay on input line 34.
LaTeX Font Info:    Checking defaults for OMS/cmsy/m/n on input line 34.
LaTeX Font Info:    ... okay on input line 34.
LaTeX Font Info:    Checking defaults for OMX/cmex/m/n on input line 34.
LaTeX Font Info:    ... okay on input line 34.
LaTeX Font Info:    Checking defaults for U/cmr/m/n on input line 34.
LaTeX Font Info:    ... okay on input line 34.
LaTeX Font Info:    Checking defaults for PD1/pdf/m/n on input line 34.
LaTeX Font Info:    ... okay on input line 34.

(/usr/local/texlive/2016/texmf-dist/tex/latex/ucs/ucsencs.def
File: ucsencs.def 2011/01/21 Fixes to fontencodings LGR, T3
)
(/usr/local/texlive/2016/texmf-dist/tex/context/base/mkii/supp-pdf.mkii
[Loading MPS to PDF converter (version 2006.09.02).]
\scratchcounter=\count106
\scratchdimen=\dimen124
\scratchbox=\box27
\nofMPsegments=\count107
\nofMParguments=\count108
\everyMPshowfont=\toks21
\MPscratchCnt=\count109
\MPscratchDim=\dimen125
\MPnumerator=\count110
\makeMPintoPDFobject=\count111
\everyMPtoPDFconversion=\toks22
) (/usr/local/texlive/2016/texmf-dist/tex/latex/oberdiek/epstopdf-base.sty
Package: epstopdf-base 2016/05/15 v2.6 Base part for package epstopdf

(/usr/local/texlive/2016/texmf-dist/tex/latex/oberdiek/grfext.sty
Package: grfext 2016/05/16 v1.2 Manage graphics extensions (HO)
)
Package epstopdf-base Info: Redefining graphics rule for `.eps' on input line 4
38.
Package grfext Info: Graphics extension search list:
(grfext)             [.png,.pdf,.jpg,.mps,.jpeg,.jbig2,.jb2,.PNG,.PDF,.JPG,.JPE
G,.JBIG2,.JB2,.eps]
(grfext)             \AppendGraphicsExtensions on input line 456.

(/usr/local/texlive/2016/texmf-dist/tex/latex/latexconfig/epstopdf-sys.cfg
File: epstopdf-sys.cfg 2010/07/13 v1.3 Configuration of (r)epstopdf for TeX Liv
e
))
\AtBeginShipoutBox=\box28

(/usr/local/texlive/2016/texmf-dist/tex/latex/graphics/color.sty
Package: color 2016/07/10 v1.1e Standard LaTeX Color (DPC)

(/usr/local/texlive/2016/texmf-dist/tex/latex/graphics-cfg/color.cfg
File: color.cfg 2016/01/02 v1.6 sample color configuration
)
Package color Info: Driver file: pdftex.def on input line 147.
)
Package hyperref Info: Link coloring ON on input line 34.

(/usr/local/texlive/2016/texmf-dist/tex/latex/hyperref/nameref.sty
Package: nameref 2016/05/21 v2.44 Cross-referencing by name of section

(/usr/local/texlive/2016/texmf-dist/tex/generic/oberdiek/gettitlestring.sty
Package: gettitlestring 2016/05/16 v1.5 Cleanup title references (HO)
)
\c@section@level=\count112
)
LaTeX Info: Redefining \ref on input line 34.
LaTeX Info: Redefining \pageref on input line 34.
LaTeX Info: Redefining \nameref on input line 34.

(./kokebok.out) (./kokebok.out)
\@outlinefile=\write3
\openout3 = `kokebok.out'.

LaTeX Info: Redefining \celsius on input line 34.
Package gensymb Info: Faking symbols for \degree and \celsius on input line 34.



Package gensymb Warning: Not defining \perthousand.

LaTeX Info: Redefining \ohm on input line 34.
Package gensymb Info: Using \Omega for \ohm on input line 34.

Package gensymb Warning: Not defining \micro.

LaTeX Font Info:    External font `cmex10' loaded for size
(Font)              <14.4> on input line 36.
LaTeX Font Info:    External font `cmex10' loaded for size
(Font)              <7> on input line 36.
[1

{/usr/local/texlive/2016/texmf-var/fonts/map/pdftex/updmap/pdftex.map}]
(./kokebok.toc
LaTeX Font Info:    External font `cmex10' loaded for size
(Font)              <12> on input line 4.
LaTeX Font Info:    External font `cmex10' loaded for size
(Font)              <8> on input line 4.
LaTeX Font Info:    External font `cmex10' loaded for size
(Font)              <6> on input line 4.
pdfTeX warning (ext4): destination with the same identifier (name{page.1}) has 
been already used, duplicate ignored
<to be read again> 
                   \relax 
l.97 ...ne {1.27}\IeC {{}}Pasta}{37}{section.1.27}
                                                   [1

] [2])
\tf@toc=\write4
\openout4 = `kokebok.toc'.

 [3] (./todo.tex
(/usr/local/texlive/2016/texmf-dist/tex/latex/ucs/data/uni-0.def
File: uni-0.def 2013/05/13 UCS: Unicode data U+0000..U+00FF
)
LaTeX Font Info:    Try loading font information for OMS+cmr on input line 7.

(/usr/local/texlive/2016/texmf-dist/tex/latex/base/omscmr.fd
File: omscmr.fd 2014/09/29 v2.5h Standard LaTeX font definitions
)
LaTeX Font Info:    Font shape `OMS/cmr/m/n' in size <12> not available
(Font)              Font shape `OMS/cmsy/m/n' tried instead on input line 7.
) [4

]
Kapittel 1.
(./sorterteOppskrifter.tex [5


]
\openout2 = `oppskrifter/brod.aux'.

 (./oppskrifter/brod.tex) [6

] [7]
\openout2 = `oppskrifter/brokkoli.aux'.


(./oppskrifter/brokkoli.tex
(/usr/local/texlive/2016/texmf-dist/tex/latex/ucs/data/uni-254.def
File: uni-254.def 2013/05/13 UCS: Unicode data U+FE00..U+FEFF
)) [8


]
\openout2 = `oppskrifter/brunsaus.aux'.


(./oppskrifter/brunsaus.tex) [9


]
\openout2 = `oppskrifter/clubsandwich.aux'.

 (./oppskrifter/clubsandwich.tex) [10


]
\openout2 = `oppskrifter/eggerore.aux'.


(./oppskrifter/eggerore.tex

Package hyperref Warning: Suppressing empty link on input line 20.

) [11


]
\openout2 = `oppskrifter/fiskepinner.aux'.

 (./oppskrifter/fiskepinner.tex) [12


]
\openout2 = `oppskrifter/flotegratinertepoteter.aux'.


(./oppskrifter/flotegratinertepoteter.tex
Underfull \hbox (badness 10000) in paragraph at lines 29--30

 []

) [13


]
\openout2 = `oppskrifter/gravetkjott.aux'.

 (./oppskrifter/gravetkjott.tex) [14


]
\openout2 = `oppskrifter/guacamole.aux'.

 (./oppskrifter/guacamole.tex)
[15


]
\openout2 = `oppskrifter/hamburgerbrod.aux'.

 (./oppskrifter/hamburgerbrod.tex) [16


]
\openout2 = `oppskrifter/hamburgerdeig.aux'.

 (./oppskrifter/hamburgerdeig.tex
[17


]) [18]
\openout2 = `oppskrifter/horn.aux'.

 (./oppskrifter/horn.tex) [19


]
\openout2 = `oppskrifter/indefiletsoppgorgonzola.aux'.


(./oppskrifter/indefiletsoppgorgonzola.tex
(/usr/local/texlive/2016/texmf-dist/tex/latex/ucs/data/uni-32.def
File: uni-32.def 2013/05/13 UCS: Unicode data U+2000..U+20FF
)
Overfull \hbox (0.92116pt too wide) in paragraph at lines 37--38
[]\T1/cmr/m/n/12 Legg fi-let-styk-ke-ne på por-sjons-tal-ler-ke-ner, sam-men me
d po-tet-bå-ter Plas-
 []

[20


])
Overfull \hbox (16.05902pt too wide) in paragraph at lines 43--13
[]\T1/cmr/m/n/12 Kilde: [][]$http : / / dinmat . bt . no / Finn-[]oppskrifter /
 Oppskrifter / Middag / Kj % C3 %
 []

[21]
\openout2 = `oppskrifter/kjottkaker.aux'.

 (./oppskrifter/kjottkaker.tex) [22


]
\openout2 = `oppskrifter/knekkebrod.aux'.

 (./oppskrifter/knekkebrod.tex [23


])
[24]
\openout2 = `oppskrifter/koteletteriovnen.aux'.

 (./oppskrifter/koteletteriovnen.tex) [25


]
\openout2 = `oppskrifter/kyllingfiletmedbacon.aux'.


(./oppskrifter/kyllingfiletmedbacon.tex) [26


]
\openout2 = `oppskrifter/kyllinggrillspyd.aux'.


(./oppskrifter/kyllinggrillspyd.tex) [27


]
\openout2 = `oppskrifter/lapskaus.aux'.

 (./oppskrifter/lapskaus.tex) [28


]
\openout2 = `oppskrifter/lasagne.aux'.


(./oppskrifter/lasagne.tex [29


]) [30]
\openout2 = `oppskrifter/musli.aux'.

 (./oppskrifter/musli.tex) [31


]
\openout2 = `oppskrifter/oppskriftsmal.aux'.


(./oppskrifter/oppskriftsmal.tex) [32


]
\openout2 = `oppskrifter/panerttorsk.aux'.

 (./oppskrifter/panerttorsk.tex) [33


]
\openout2 = `oppskrifter/pastaalforno.aux'.


(./oppskrifter/pastaalforno.tex) [34


]
\openout2 = `oppskrifter/pastapommedorini.aux'.

 (./oppskrifter/pastapommedorini.tex)
[35


]
\openout2 = `oppskrifter/pastasalat.aux'.

 (./oppskrifter/pastasalat.tex) [36


]
\openout2 = `oppskrifter/pasta.aux'.

 (./oppskrifter/pasta.tex

LaTeX Warning: No positions in optional float specifier.
               Default added (so using `tbp') on input line 32.


LaTeX Warning: No positions in optional float specifier.
               Default added (so using `tbp') on input line 48.

) [37


] [38]
\openout2 = `oppskrifter/pepperbiff.aux'.

 (./oppskrifter/pepperbiff.tex) [39


]
\openout2 = `oppskrifter/peppersaus.aux'.

 (./oppskrifter/peppersaus.tex)
[40


]
\openout2 = `oppskrifter/pesto.aux'.

 (./oppskrifter/pesto.tex) [41


]
\openout2 = `oppskrifter/pinnekjott.aux'.

 (./oppskrifter/pinnekjott.tex [42


])
[43]
\openout2 = `oppskrifter/pizzadeig.aux'.

 (./oppskrifter/pizzadeig.tex) [44


]
\openout2 = `oppskrifter/pizzamargarita.aux'.

 (./oppskrifter/pizzamargarita.tex)
[45


]
\openout2 = `oppskrifter/pizzamissitalia.aux'.

 (./oppskrifter/pizzamissitalia.tex) [46


]
\openout2 = `oppskrifter/potetstappe.aux'.

 (./oppskrifter/potetstappe.tex)
[47


]
\openout2 = `oppskrifter/rakost.aux'.

 (./oppskrifter/rakost.tex) [48


]
\openout2 = `oppskrifter/ris.aux'.

 (./oppskrifter/ris.tex) [49


]
\openout2 = `oppskrifter/rundstykker.aux'.


(./oppskrifter/rundstykker.tex) [50


]
\openout2 = `oppskrifter/semulegryn.aux'.

 (./oppskrifter/semulegryn.tex) [51


]
\openout2 = `oppskrifter/stektkjottpolse.aux'.


(./oppskrifter/stektkjottpolse.tex) [52


]
\openout2 = `oppskrifter/tacoboller.aux'.

 (./oppskrifter/tacoboller.tex)
[53


]
\openout2 = `oppskrifter/tacokrydder.aux'.

 (./oppskrifter/tacokrydder.tex) [54


]
\openout2 = `oppskrifter/tikkaMasala.aux'.

 (./oppskrifter/tikkaMasala.tex
[55


]) [56]
\openout2 = `oppskrifter/tomatsaus.aux'.

 (./oppskrifter/tomatsaus.tex) [57


]
\openout2 = `oppskrifter/tortillalefser.aux'.

 (./oppskrifter/tortillalefser.tex) [58


]
\openout2 = `oppskrifter/varrull.aux'.

 (./oppskrifter/varrull.tex) [59


]
\openout2 = `oppskrifter/viltpolse.aux'.

 (./oppskrifter/viltpolse.tex) [60


])
Kapittel 2.
(./sorterteDeserter.tex [61


]
\openout2 = `oppskrifter/desert/blotekake.aux'.

 (./oppskrifter/desert/blotekake.tex) [62

]
\openout2 = `oppskrifter/desert/kakemenn.aux'.


(./oppskrifter/desert/kakemenn.tex [63


]) [64]
\openout2 = `oppskrifter/desert/lussekatter.aux'.


(./oppskrifter/desert/lussekatter.tex [65


]
<bilder/lussekatter.png, id=1114, 1002.74625pt x 1154.3125pt>
File: bilder/lussekatter.png Graphic file (type png)

<use bilder/lussekatter.png>
Package pdftex.def Info: bilder/lussekatter.png used on input line 66.
(pdftex.def)             Requested size: 390.0pt x 448.94713pt.
) [66] [67 <./bilder/lussekatter.png (PNG copy)>]
\openout2 = `oppskrifter/desert/ostekake.aux'.


(./oppskrifter/desert/ostekake.tex) [68


]
\openout2 = `oppskrifter/desert/pannacotta.aux'.

 (./oppskrifter/desert/pannacotta.tex)
[69


]
\openout2 = `oppskrifter/desert/pepperkaker.aux'.

 (./oppskrifter/desert/pepperkaker.tex)
Overfull \hbox (53.40973pt too wide) in paragraph at lines 37--6
[]\T1/cmr/m/n/12 Kilde [][]$http : / / www . tine . no / oppskrifter / kaker / 
6987 . cms ? julens-[]deiligste-[]pepperkaker$[][] 
 []

[70


]
\openout2 = `oppskrifter/desert/sjokoladekjeks.aux'.

 (./oppskrifter/desert/sjokoladekjeks.tex) [71


]
\openout2 = `oppskrifter/desert/sukkerbrod.aux'.


(./oppskrifter/desert/sukkerbrod.tex) [72


]
\openout2 = `oppskrifter/desert/tyskeskjeva.aux'.


(./oppskrifter/desert/tyskeskjeva.tex) [73


])
Kapittel 3.
(./sorterteBrygg.tex [74


]
\openout2 = `oppskrifter/brygg/ingeferol.aux'.

 (./oppskrifter/brygg/ingeferol.tex [75

]) [76])
Package atveryend Info: Empty hook `BeforeClearDocument' on input line 54.
Package atveryend Info: Empty hook `AfterLastShipout' on input line 54.

(./kokebok.aux (./oppskrifter/brod.aux) (./oppskrifter/brokkoli.aux)
(./oppskrifter/brunsaus.aux) (./oppskrifter/clubsandwich.aux)
(./oppskrifter/eggerore.aux) (./oppskrifter/fiskepinner.aux)
(./oppskrifter/flotegratinertepoteter.aux) (./oppskrifter/gravetkjott.aux)
(./oppskrifter/guacamole.aux) (./oppskrifter/hamburgerbrod.aux)
(./oppskrifter/hamburgerdeig.aux) (./oppskrifter/horn.aux)
(./oppskrifter/indefiletsoppgorgonzola.aux) (./oppskrifter/kjottkaker.aux)
(./oppskrifter/knekkebrod.aux) (./oppskrifter/koteletteriovnen.aux)
(./oppskrifter/kyllingfiletmedbacon.aux) (./oppskrifter/kyllinggrillspyd.aux)
(./oppskrifter/lapskaus.aux) (./oppskrifter/lasagne.aux)
(./oppskrifter/musli.aux) (./oppskrifter/oppskriftsmal.aux)
(./oppskrifter/panerttorsk.aux) (./oppskrifter/pastaalforno.aux)
(./oppskrifter/pastapommedorini.aux) (./oppskrifter/pastasalat.aux)
(./oppskrifter/pasta.aux) (./oppskrifter/pepperbiff.aux)
(./oppskrifter/peppersaus.aux) (./oppskrifter/pesto.aux)
(./oppskrifter/pinnekjott.aux) (./oppskrifter/pizzadeig.aux)
(./oppskrifter/pizzamargarita.aux) (./oppskrifter/pizzamissitalia.aux)
(./oppskrifter/potetstappe.aux) (./oppskrifter/rakost.aux)
(./oppskrifter/ris.aux) (./oppskrifter/rundstykker.aux)
(./oppskrifter/semulegryn.aux) (./oppskrifter/stektkjottpolse.aux)
(./oppskrifter/tacoboller.aux) (./oppskrifter/tacokrydder.aux)
(./oppskrifter/tikkaMasala.aux) (./oppskrifter/tomatsaus.aux)
(./oppskrifter/tortillalefser.aux) (./oppskrifter/varrull.aux)
(./oppskrifter/viltpolse.aux) (./oppskrifter/desert/blotekake.aux)
(./oppskrifter/desert/kakemenn.aux) (./oppskrifter/desert/lussekatter.aux)
(./oppskrifter/desert/ostekake.aux) (./oppskrifter/desert/pannacotta.aux)
(./oppskrifter/desert/pepperkaker.aux) (./oppskrifter/desert/sjokoladekjeks.aux
) (./oppskrifter/desert/sukkerbrod.aux) (./oppskrifter/desert/tyskeskjeva.aux)
(./oppskrifter/brygg/ingeferol.aux))
Package atveryend Info: Executing hook `AtVeryEndDocument' on input line 54.
Package atveryend Info: Executing hook `AtEndAfterFileList' on input line 54.
Package rerunfilecheck Info: File `kokebok.out' has not changed.
(rerunfilecheck)             Checksum: AC0851B96918BEAAA2CC7171CF108D2E;4699.
Package atveryend Info: Empty hook `AtVeryVeryEnd' on input line 54.
 ) 
Here is how much of TeX's memory you used:
 8585 strings out of 493013
 126229 string characters out of 6133328
 224739 words of memory out of 5000000
 10960 multiletter control sequences out of 15000+600000
 14235 words of font info for 35 fonts, out of 8000000 for 9000
 1141 hyphenation exceptions out of 8191
 32i,8n,38p,423b,603s stack positions out of 5000i,500n,10000p,200000b,80000s
{/usr/local/texlive/2016/texmf-dist/fonts/enc/dvips/cm-super/cm-super-t1.enc}
</usr/local/texlive/2016/texmf-dist/fonts/type1/public/amsfonts/cm/cmr8.pfb></u
sr/local/texlive/2016/texmf-dist/fonts/type1/public/amsfonts/cm/cmsy10.pfb></us
r/local/texlive/2016/texmf-dist/fonts/type1/public/amsfonts/cm/cmsy8.pfb></usr/
local/texlive/2016/texmf-dist/fonts/type1/public/cm-super/sfbx1200.pfb></usr/lo
cal/texlive/2016/texmf-dist/fonts/type1/public/cm-super/sfbx1440.pfb></usr/loca
l/texlive/2016/texmf-dist/fonts/type1/public/cm-super/sfbx1728.pfb></usr/local/
texlive/2016/texmf-dist/fonts/type1/public/cm-super/sfbx2488.pfb></usr/local/te
xlive/2016/texmf-dist/fonts/type1/public/cm-super/sfrm1200.pfb></usr/local/texl
ive/2016/texmf-dist/fonts/type1/public/cm-super/sfrm1440.pfb></usr/local/texliv
e/2016/texmf-dist/fonts/type1/public/cm-super/sfrm2074.pfb>
Output written on kokebok.pdf (77 pages, 2078832 bytes).
PDF statistics:
 1426 PDF objects out of 1440 (max. 8388607)
 1322 compressed objects within 14 object streams
 663 named destinations out of 1000 (max. 500000)
 590 words of extra memory for PDF output out of 10000 (max. 10000000)

